{"C:\\Users\\samue\\Desktop\\cbh-take-home-project\\dpk.js": {"path":"C:\\Users\\samue\\Desktop\\cbh-take-home-project\\dpk.js","statementMap":{"0":{"start":{"line":1,"column":15},"end":{"line":1,"column":32}},"1":{"start":{"line":4,"column":30},"end":{"line":4,"column":33}},"2":{"start":{"line":5,"column":33},"end":{"line":5,"column":36}},"3":{"start":{"line":8,"column":2},"end":{"line":8,"column":67}},"4":{"start":{"line":11,"column":0},"end":{"line":49,"column":2}},"5":{"start":{"line":13,"column":2},"end":{"line":13,"column":20}},"6":{"start":{"line":16,"column":2},"end":{"line":18,"column":3}},"7":{"start":{"line":17,"column":4},"end":{"line":17,"column":33}},"8":{"start":{"line":20,"column":27},"end":{"line":20,"column":32}},"9":{"start":{"line":23,"column":2},"end":{"line":27,"column":3}},"10":{"start":{"line":24,"column":29},"end":{"line":24,"column":50}},"11":{"start":{"line":25,"column":34},"end":{"line":25,"column":70}},"12":{"start":{"line":26,"column":4},"end":{"line":26,"column":33}},"13":{"start":{"line":31,"column":4},"end":{"line":33,"column":20}},"14":{"start":{"line":36,"column":4},"end":{"line":36,"column":61}},"15":{"start":{"line":38,"column":4},"end":{"line":40,"column":5}},"16":{"start":{"line":43,"column":2},"end":{"line":46,"column":3}},"17":{"start":{"line":44,"column":34},"end":{"line":44,"column":77}},"18":{"start":{"line":45,"column":4},"end":{"line":45,"column":33}},"19":{"start":{"line":48,"column":2},"end":{"line":48,"column":33}}},"fnMap":{"0":{"name":"createPartitionKey","decl":{"start":{"line":7,"column":9},"end":{"line":7,"column":27}},"loc":{"start":{"line":7,"column":35},"end":{"line":9,"column":1}},"line":7},"1":{"name":"(anonymous_1)","decl":{"start":{"line":11,"column":36},"end":{"line":11,"column":37}},"loc":{"start":{"line":11,"column":47},"end":{"line":49,"column":1}},"line":11}},"branchMap":{"0":{"loc":{"start":{"line":16,"column":2},"end":{"line":18,"column":3}},"type":"if","locations":[{"start":{"line":16,"column":2},"end":{"line":18,"column":3}},{"start":{},"end":{}}],"line":16},"1":{"loc":{"start":{"line":23,"column":2},"end":{"line":27,"column":3}},"type":"if","locations":[{"start":{"line":23,"column":2},"end":{"line":27,"column":3}},{"start":{},"end":{}}],"line":23},"2":{"loc":{"start":{"line":31,"column":4},"end":{"line":33,"column":20}},"type":"cond-expr","locations":[{"start":{"line":32,"column":8},"end":{"line":32,"column":36}},{"start":{"line":33,"column":8},"end":{"line":33,"column":20}}],"line":31},"3":{"loc":{"start":{"line":43,"column":2},"end":{"line":46,"column":3}},"type":"if","locations":[{"start":{"line":43,"column":2},"end":{"line":46,"column":3}},{"start":{},"end":{}}],"line":43}},"s":{"0":1,"1":1,"2":1,"3":2,"4":1,"5":6,"6":6,"7":2,"8":4,"9":4,"10":1,"11":1,"12":1,"13":3,"14":3,"15":3,"16":3,"17":1,"18":1,"19":2},"f":{"0":2,"1":6},"b":{"0":[2,4],"1":[1,3],"2":[1,2],"3":[1,2]},"_coverageSchema":"1a1c01bbd47fc00a2c39e90264f33305004495a9","hash":"ea709d0fb2df4686ebebef02ca276bc78068d3ce"}
}
